Using pre-set license

 COMMAND LINE ARGUMENTS:
/Applications/Unity/Hub/Editor/2020.3.1f1/Unity.app/Contents/MacOS/Unity
-adb2
-batchMode
-noUpm
-name
AssetImportWorker0
-projectPath
/Users/vardnan/Documents/Development/5990_Project/5990_Project
-logFile
Logs/AssetImportWorker0.log
-srvPort
54616
Successfully changed project path to: /Users/vardnan/Documents/Development/5990_Project/5990_Project
/Users/vardnan/Documents/Development/5990_Project/5990_Project
Using Asset Import Pipeline V2.
Refreshing native plugins compatible for Editor in 86.71 ms, found 1 plugins.
Preloading 0 native plugins for Editor in 0.00 ms.
Initialize engine version: 2020.3.1f1 (77a89f25062f)
[Subsystems] Discovering subsystems at path /Applications/Unity/Hub/Editor/2020.3.1f1/Unity.app/Contents/Resources/UnitySubsystems
[Subsystems] Discovering subsystems at path /Users/vardnan/Documents/Development/5990_Project/5990_Project/Assets
GfxDevice: creating device client; threaded=0
2023-02-18 14:11:32.503 Unity[84807:7307113] (null) preferred device: Apple M1 (high power)
2023-02-18 14:11:32.503 Unity[84807:7307113] Metal devices available: 1
2023-02-18 14:11:32.503 Unity[84807:7307113] 0: Apple M1 (high power)
2023-02-18 14:11:32.504 Unity[84807:7307113] Using device Apple M1 (high power)
Initializing Metal device caps: Apple M1
Shader 'Universal Render Pipeline/Particles/Lit': fallback shader 'Universal Render Pipeline/Particles/SimpleLit' not found
Initialize mono
Mono path[0] = '/Applications/Unity/Hub/Editor/2020.3.1f1/Unity.app/Contents/Managed'
Mono path[1] = '/Applications/Unity/Hub/Editor/2020.3.1f1/Unity.app/Contents/MonoBleedingEdge/lib/mono/unityjit'
Mono config path = '/Applications/Unity/Hub/Editor/2020.3.1f1/Unity.app/Contents/MonoBleedingEdge/etc'
Using monoOptions --debugger-agent=transport=dt_socket,embedding=1,server=y,suspend=n,address=127.0.0.1:56807
Begin MonoManager ReloadAssembly
Registering precompiled unity dll's ...
Register platform support module: /Applications/Unity/Hub/Editor/2020.3.1f1/PlaybackEngines/WebGLSupport/UnityEditor.WebGL.Extensions.dll
Register platform support module: /Applications/Unity/Hub/Editor/2020.3.1f1/Unity.app/Contents/PlaybackEngines/MacStandaloneSupport/UnityEditor.OSXStandalone.Extensions.dll
Registered in 0.000940 seconds.
Native extension for OSXStandalone target not found
Native extension for WebGL target not found
Refreshing native plugins compatible for Editor in 65.11 ms, found 1 plugins.
Preloading 0 native plugins for Editor in 0.00 ms.
Invoked RoslynAnalysisRunner static constructor.
RoslynAnalysisRunner will not be running.
RoslynAnalysisRunner has terminated.
Mono: successfully reloaded assembly
- Completed reload, in  4.267 seconds
Platform modules already initialized, skipping
Registering precompiled user dll's ...
Registered in 0.004607 seconds.
Begin MonoManager ReloadAssembly
Native extension for OSXStandalone target not found
Native extension for WebGL target not found
Refreshing native plugins compatible for Editor in 64.52 ms, found 1 plugins.
Preloading 0 native plugins for Editor in 0.00 ms.
Invoked RoslynAnalysisRunner static constructor.
RoslynAnalysisRunner will not be running.
RoslynAnalysisRunner has terminated.
Mono: successfully reloaded assembly
- Completed reload, in  2.745 seconds
Platform modules already initialized, skipping
========================================================================
Worker process is ready to serve import requests
Shader 'Universal Render Pipeline/Particles/Lit': fallback shader 'Universal Render Pipeline/Particles/SimpleLit' not found
Launching external process: /Applications/Unity/Hub/Editor/2020.3.1f1/Unity.app/Contents/Tools/UnityShaderCompiler
Launched and connected shader compiler UnityShaderCompiler after 0.20 seconds
Refreshing native plugins compatible for Editor in 1.22 ms, found 1 plugins.
Preloading 0 native plugins for Editor in 0.00 ms.
Unloading 3248 Unused Serialized files (Serialized files now loaded: 0)
System memory in use before: 229.2 MB.
System memory in use after: 229.4 MB.

Unloading 61 unused Assets to reduce memory usage. Loaded Objects now: 3662.
Total: 10.788375 ms (FindLiveObjects: 1.466042 ms CreateObjectMapping: 0.494167 ms MarkObjects: 7.052250 ms  DeleteObjects: 1.716542 ms)

========================================================================
Received Import Request.
  path: Assets/Scripts/TestLoader.cs
  artifactKey: Guid(2d8d4c20f969f4e07b6b0c859c3c6ee0) Importer(815301076,1909f56bfc062723c751e8b465ee728b)
Start importing Assets/Scripts/TestLoader.cs using Guid(2d8d4c20f969f4e07b6b0c859c3c6ee0) Importer(815301076,1909f56bfc062723c751e8b465ee728b)  -> (artifact id: '0147535b4cb4ba795e60e4075d24750a') in 0.221895 seconds
  Import took 0.229254 seconds .

========================================================================
Received Prepare
Registering precompiled user dll's ...
Registered in 0.006421 seconds.
Begin MonoManager ReloadAssembly
Native extension for OSXStandalone target not found
Native extension for WebGL target not found
Refreshing native plugins compatible for Editor in 0.99 ms, found 1 plugins.
Preloading 0 native plugins for Editor in 0.00 ms.
Invoked RoslynAnalysisRunner static constructor.
RoslynAnalysisRunner will not be running.
RoslynAnalysisRunner has terminated.
CreateSerializedAsset is not supported while importing out-of-process
UnityEngine.StackTraceUtility:ExtractStackTrace () (at /Users/bokken/buildslave/unity/build/Runtime/Export/Scripting/StackTrace.cs:37)
TriLibCore.TriLibSettings:GetTriLibPreferences () (at Assets/TriLib/TriLibCore/Scripts/Misc/TriLibSettings.cs:40)
TriLibCore.TriLibSettings:GetBool (string) (at Assets/TriLib/TriLibCore/Scripts/Misc/TriLibSettings.cs:64)
TriLibCore.Editor.CheckMappers:Initialize () (at Assets/TriLib/TriLibCore/Editor/Scripts/CheckMappers.cs:18)

[Assets/TriLib/TriLibCore/Scripts/Misc/TriLibSettings.cs line 40]

UnityException: Creating asset at path Assets/TriLib/TriLibCore/Resources/TriLibSettings.asset failed.
  at (wrapper managed-to-native) UnityEditor.AssetDatabase.CreateAsset(UnityEngine.Object,string)
  at TriLibCore.TriLibSettings.GetTriLibPreferences () [0x00041] in /Users/vardnan/Documents/Development/5990_Project/5990_Project/Assets/TriLib/TriLibCore/Scripts/Misc/TriLibSettings.cs:40 
  at TriLibCore.TriLibSettings.GetBool (System.String key) [0x00001] in /Users/vardnan/Documents/Development/5990_Project/5990_Project/Assets/TriLib/TriLibCore/Scripts/Misc/TriLibSettings.cs:64 
  at TriLibCore.Editor.CheckMappers.Initialize () [0x00014] in /Users/vardnan/Documents/Development/5990_Project/5990_Project/Assets/TriLib/TriLibCore/Editor/Scripts/CheckMappers.cs:18 

(Filename: Assets/TriLib/TriLibCore/Scripts/Misc/TriLibSettings.cs Line: 40)

Mono: successfully reloaded assembly
- Completed reload, in  2.674 seconds
Platform modules already initialized, skipping
Switching build target platform(2) subTarget(0) extendedPlatform(0) -> platform(13) subTarget(524294) extendedPlatform(0)
Shader 'Universal Render Pipeline/Particles/Lit': fallback shader 'Universal Render Pipeline/Particles/SimpleLit' not found
Refreshing native plugins compatible for Editor in 0.87 ms, found 1 plugins.
Preloading 0 native plugins for Editor in 0.00 ms.
Unloading 3095 Unused Serialized files (Serialized files now loaded: 0)
System memory in use before: 224.1 MB.
System memory in use after: 224.3 MB.

Unloading 54 unused Assets to reduce memory usage. Loaded Objects now: 3667.
Total: 1.955000 ms (FindLiveObjects: 0.267208 ms CreateObjectMapping: 0.072750 ms MarkObjects: 1.510125 ms  DeleteObjects: 0.101083 ms)

AssetImportParameters requested are different than current active one (requested -> active):
  custom:graphics/normal-map-encoding: 01000000000000000000000000000000 -> 02000000000000000000000000000000
========================================================================
Received Import Request.
  Time since last request: 71.107423 seconds.
  path: Assets/Scripts/TestLoader.cs
  artifactKey: Guid(2d8d4c20f969f4e07b6b0c859c3c6ee0) Importer(815301076,1909f56bfc062723c751e8b465ee728b)
Start importing Assets/Scripts/TestLoader.cs using Guid(2d8d4c20f969f4e07b6b0c859c3c6ee0) Importer(815301076,1909f56bfc062723c751e8b465ee728b)  -> (artifact id: 'acc43d6039fdc20e3795472fec187ed3') in 0.015701 seconds
  Import took 0.020246 seconds .

========================================================================
Received Prepare
Registering precompiled user dll's ...
Registered in 0.006464 seconds.
Begin MonoManager ReloadAssembly
Native extension for OSXStandalone target not found
Native extension for WebGL target not found
Refreshing native plugins compatible for Editor in 0.94 ms, found 1 plugins.
Preloading 0 native plugins for Editor in 0.00 ms.
Invoked RoslynAnalysisRunner static constructor.
RoslynAnalysisRunner will not be running.
RoslynAnalysisRunner has terminated.
CreateSerializedAsset is not supported while importing out-of-process
UnityEngine.StackTraceUtility:ExtractStackTrace () (at /Users/bokken/buildslave/unity/build/Runtime/Export/Scripting/StackTrace.cs:37)
TriLibCore.TriLibSettings:GetTriLibPreferences () (at Assets/TriLib/TriLibCore/Scripts/Misc/TriLibSettings.cs:40)
TriLibCore.TriLibSettings:GetBool (string) (at Assets/TriLib/TriLibCore/Scripts/Misc/TriLibSettings.cs:64)
TriLibCore.Editor.CheckMappers:Initialize () (at Assets/TriLib/TriLibCore/Editor/Scripts/CheckMappers.cs:18)

[Assets/TriLib/TriLibCore/Scripts/Misc/TriLibSettings.cs line 40]

UnityException: Creating asset at path Assets/TriLib/TriLibCore/Resources/TriLibSettings.asset failed.
  at (wrapper managed-to-native) UnityEditor.AssetDatabase.CreateAsset(UnityEngine.Object,string)
  at TriLibCore.TriLibSettings.GetTriLibPreferences () [0x00041] in /Users/vardnan/Documents/Development/5990_Project/5990_Project/Assets/TriLib/TriLibCore/Scripts/Misc/TriLibSettings.cs:40 
  at TriLibCore.TriLibSettings.GetBool (System.String key) [0x00001] in /Users/vardnan/Documents/Development/5990_Project/5990_Project/Assets/TriLib/TriLibCore/Scripts/Misc/TriLibSettings.cs:64 
  at TriLibCore.Editor.CheckMappers.Initialize () [0x00014] in /Users/vardnan/Documents/Development/5990_Project/5990_Project/Assets/TriLib/TriLibCore/Editor/Scripts/CheckMappers.cs:18 

(Filename: Assets/TriLib/TriLibCore/Scripts/Misc/TriLibSettings.cs Line: 40)

Mono: successfully reloaded assembly
- Completed reload, in  2.591 seconds
Platform modules already initialized, skipping
Switching build target platform(2) subTarget(0) extendedPlatform(0) -> platform(13) subTarget(524294) extendedPlatform(0)
Shader 'Universal Render Pipeline/Particles/Lit': fallback shader 'Universal Render Pipeline/Particles/SimpleLit' not found
Refreshing native plugins compatible for Editor in 0.92 ms, found 1 plugins.
Preloading 0 native plugins for Editor in 0.00 ms.
Unloading 3095 Unused Serialized files (Serialized files now loaded: 0)
System memory in use before: 224.5 MB.
System memory in use after: 224.6 MB.

Unloading 54 unused Assets to reduce memory usage. Loaded Objects now: 3672.
Total: 1.927167 ms (FindLiveObjects: 0.263125 ms CreateObjectMapping: 0.070542 ms MarkObjects: 1.481666 ms  DeleteObjects: 0.110542 ms)

AssetImportParameters requested are different than current active one (requested -> active):
  custom:graphics/normal-map-encoding: 01000000000000000000000000000000 -> 02000000000000000000000000000000
